This is pdfTeX, Version 3.14159265-2.6-1.40.20 (TeX Live 2019/Debian) (preloaded format=pdflatex 2021.1.31)  23 MAR 2021 22:19
entering extended mode
 restricted \write18 enabled.
 file:line:error style messages enabled.
 %&-line parsing enabled.
**collection.tex
(./collection.tex
LaTeX2e <2020-02-02> patch level 2
L3 programming layer <2020-02-14>
(/usr/share/texlive/texmf-dist/tex/latex/base/article.cls
Document Class: article 2019/12/20 v1.4l Standard LaTeX document class
(/usr/share/texlive/texmf-dist/tex/latex/base/size10.clo
File: size10.clo 2019/12/20 v1.4l Standard LaTeX file (size option)
)
\c@part=\count167
\c@section=\count168
\c@subsection=\count169
\c@subsubsection=\count170
\c@paragraph=\count171
\c@subparagraph=\count172
\c@figure=\count173
\c@table=\count174
\abovecaptionskip=\skip47
\belowcaptionskip=\skip48
\bibindent=\dimen134
)
(/usr/share/texlive/texmf-dist/tex/latex/base/inputenc.sty
Package: inputenc 2018/08/11 v1.3c Input encoding file
\inpenc@prehook=\toks14
\inpenc@posthook=\toks15
)
(/usr/share/texlive/texmf-dist/tex/latex/amsfonts/amssymb.sty
Package: amssymb 2013/01/14 v3.01 AMS font symbols

(/usr/share/texlive/texmf-dist/tex/latex/amsfonts/amsfonts.sty
Package: amsfonts 2013/01/14 v3.01 Basic AMSFonts support
\@emptytoks=\toks16
\symAMSa=\mathgroup4
\symAMSb=\mathgroup5
LaTeX Font Info:    Redeclaring math symbol \hbar on input line 98.
LaTeX Font Info:    Overwriting math alphabet `\mathfrak' in version `bold'
(Font)                  U/euf/m/n --> U/euf/b/n on input line 106.
))
(/usr/share/texlive/texmf-dist/tex/latex/amsmath/amsmath.sty
Package: amsmath 2020/01/20 v2.17e AMS math features
\@mathmargin=\skip49

For additional information on amsmath, use the `?' option.
(/usr/share/texlive/texmf-dist/tex/latex/amsmath/amstext.sty
Package: amstext 2000/06/29 v2.01 AMS text

(/usr/share/texlive/texmf-dist/tex/latex/amsmath/amsgen.sty
File: amsgen.sty 1999/11/30 v2.0 generic functions
\@emptytoks=\toks17
\ex@=\dimen135
))
(/usr/share/texlive/texmf-dist/tex/latex/amsmath/amsbsy.sty
Package: amsbsy 1999/11/29 v1.2d Bold Symbols
\pmbraise@=\dimen136
)
(/usr/share/texlive/texmf-dist/tex/latex/amsmath/amsopn.sty
Package: amsopn 2016/03/08 v2.02 operator names
)
\inf@bad=\count175
LaTeX Info: Redefining \frac on input line 227.
\uproot@=\count176
\leftroot@=\count177
LaTeX Info: Redefining \overline on input line 389.
\classnum@=\count178
\DOTSCASE@=\count179
LaTeX Info: Redefining \ldots on input line 486.
LaTeX Info: Redefining \dots on input line 489.
LaTeX Info: Redefining \cdots on input line 610.
\Mathstrutbox@=\box45
\strutbox@=\box46
\big@size=\dimen137
LaTeX Font Info:    Redeclaring font encoding OML on input line 733.
LaTeX Font Info:    Redeclaring font encoding OMS on input line 734.
\macc@depth=\count180
\c@MaxMatrixCols=\count181
\dotsspace@=\muskip16
\c@parentequation=\count182
\dspbrk@lvl=\count183
\tag@help=\toks18
\row@=\count184
\column@=\count185
\maxfields@=\count186
\andhelp@=\toks19
\eqnshift@=\dimen138
\alignsep@=\dimen139
\tagshift@=\dimen140
\tagwidth@=\dimen141
\totwidth@=\dimen142
\lineht@=\dimen143
\@envbody=\toks20
\multlinegap=\skip50
\multlinetaggap=\skip51
\mathdisplay@stack=\toks21
LaTeX Info: Redefining \[ on input line 2859.
LaTeX Info: Redefining \] on input line 2860.
)
(/usr/share/texlive/texmf-dist/tex/latex/graphics/graphicx.sty
Package: graphicx 2019/11/30 v1.2a Enhanced LaTeX Graphics (DPC,SPQR)

(/usr/share/texlive/texmf-dist/tex/latex/graphics/keyval.sty
Package: keyval 2014/10/28 v1.15 key=value parser (DPC)
\KV@toks@=\toks22
)
(/usr/share/texlive/texmf-dist/tex/latex/graphics/graphics.sty
Package: graphics 2019/11/30 v1.4a Standard LaTeX Graphics (DPC,SPQR)

(/usr/share/texlive/texmf-dist/tex/latex/graphics/trig.sty
Package: trig 2016/01/03 v1.10 sin cos tan (DPC)
)
(/usr/share/texlive/texmf-dist/tex/latex/graphics-cfg/graphics.cfg
File: graphics.cfg 2016/06/04 v1.11 sample graphics configuration
)
Package graphics Info: Driver file: pdftex.def on input line 105.

(/usr/share/texlive/texmf-dist/tex/latex/graphics-def/pdftex.def
File: pdftex.def 2018/01/08 v1.0l Graphics/color driver for pdftex
))
\Gin@req@height=\dimen144
\Gin@req@width=\dimen145
)
(/usr/share/texlive/texmf-dist/tex/latex/l3backend/l3backend-pdfmode.def
File: l3backend-pdfmode.def 2020-02-03 L3 backend support: PDF mode
\l__kernel_color_stack_int=\count187
\l__pdf_internal_box=\box47
)
(./collection.aux)
\openout1 = `collection.aux'.

LaTeX Font Info:    Checking defaults for OML/cmm/m/it on input line 19.
LaTeX Font Info:    ... okay on input line 19.
LaTeX Font Info:    Checking defaults for OMS/cmsy/m/n on input line 19.
LaTeX Font Info:    ... okay on input line 19.
LaTeX Font Info:    Checking defaults for OT1/cmr/m/n on input line 19.
LaTeX Font Info:    ... okay on input line 19.
LaTeX Font Info:    Checking defaults for T1/cmr/m/n on input line 19.
LaTeX Font Info:    ... okay on input line 19.
LaTeX Font Info:    Checking defaults for TS1/cmr/m/n on input line 19.
LaTeX Font Info:    ... okay on input line 19.
LaTeX Font Info:    Checking defaults for OMX/cmex/m/n on input line 19.
LaTeX Font Info:    ... okay on input line 19.
LaTeX Font Info:    Checking defaults for U/cmr/m/n on input line 19.
LaTeX Font Info:    ... okay on input line 19.

(/usr/share/texlive/texmf-dist/tex/context/base/mkii/supp-pdf.mkii
[Loading MPS to PDF converter (version 2006.09.02).]
\scratchcounter=\count188
\scratchdimen=\dimen146
\scratchbox=\box48
\nofMPsegments=\count189
\nofMParguments=\count190
\everyMPshowfont=\toks23
\MPscratchCnt=\count191
\MPscratchDim=\dimen147
\MPnumerator=\count192
\makeMPintoPDFobject=\count193
\everyMPtoPDFconversion=\toks24
) (/usr/share/texlive/texmf-dist/tex/latex/epstopdf-pkg/epstopdf-base.sty
Package: epstopdf-base 2020-01-24 v2.11 Base part for package epstopdf
Package epstopdf-base Info: Redefining graphics rule for `.eps' on input line 4
85.

(/usr/share/texlive/texmf-dist/tex/latex/latexconfig/epstopdf-sys.cfg
File: epstopdf-sys.cfg 2010/07/13 v1.3 Configuration of (r)epstopdf for TeX Liv
e
))
LaTeX Font Info:    Trying to load font information for U+msa on input line 21.


(/usr/share/texlive/texmf-dist/tex/latex/amsfonts/umsa.fd
File: umsa.fd 2013/01/14 v3.01 AMS symbols A
)
LaTeX Font Info:    Trying to load font information for U+msb on input line 21.


(/usr/share/texlive/texmf-dist/tex/latex/amsfonts/umsb.fd
File: umsb.fd 2013/01/14 v3.01 AMS symbols B
)
<8.png, id=1, 846.16125pt x 147.55125pt>
File: 8.png Graphic file (type png)
<use 8.png>
Package pdftex.def Info: 8.png  used on input line 26.
(pdftex.def)             Requested size: 423.07959pt x 73.77544pt.
<9.png, id=3, 856.19875pt x 162.6075pt>
File: 9.png Graphic file (type png)
<use 9.png>
Package pdftex.def Info: 9.png  used on input line 27.
(pdftex.def)             Requested size: 428.09833pt x 81.30354pt.
<10.png, id=4, 843.15pt x 182.6825pt>
File: 10.png Graphic file (type png)
<use 10.png>
Package pdftex.def Info: 10.png  used on input line 28.
(pdftex.def)             Requested size: 421.57396pt x 91.34102pt.
<11.png, id=5, 820.06375pt x 190.7125pt>
File: 11.png Graphic file (type png)
<use 11.png>
Package pdftex.def Info: 11.png  used on input line 29.
(pdftex.def)             Requested size: 410.03087pt x 95.356pt.
<12.png, id=6, 971.63pt x 174.6525pt>
File: 12.png Graphic file (type png)
<use 12.png>
Package pdftex.def Info: 12.png  used on input line 30.
(pdftex.def)             Requested size: 485.81381pt x 87.32603pt.

Overfull \hbox (39.34135pt too wide) in paragraph at lines 30--31
[][] 
 []

<13.png, id=7, 1164.35pt x 205.76875pt>
File: 13.png Graphic file (type png)
<use 13.png>
Package pdftex.def Info: 13.png  used on input line 31.
(pdftex.def)             Requested size: 465.73175pt x 82.30603pt.

Overfull \hbox (19.2593pt too wide) in paragraph at lines 31--32
[][] 
 []

[1

{/var/lib/texmf/fonts/map/pdftex/updmap/pdftex.map} <./8.png> <./9.png> <./10.p
ng> <./11.png> <./12.png>]
<14.png, id=23, 1174.3875pt x 205.76875pt>
File: 14.png Graphic file (type png)
<use 14.png>
Package pdftex.def Info: 14.png  used on input line 32.
(pdftex.def)             Requested size: 469.74669pt x 82.30603pt.

Overfull \hbox (23.27423pt too wide) in paragraph at lines 32--33
[][] 
 []

<15.png, id=24, 1169.36874pt x 205.76875pt>
File: 15.png Graphic file (type png)
<use 15.png>
Package pdftex.def Info: 15.png  used on input line 33.
(pdftex.def)             Requested size: 467.73921pt x 82.30603pt.

Overfull \hbox (21.26675pt too wide) in paragraph at lines 33--34
[][] 
 []

<16.png, id=25, 1387.1825pt x 244.915pt>
File: 16.png Graphic file (type png)
<use 16.png>
Package pdftex.def Info: 16.png  used on input line 34.
(pdftex.def)             Requested size: 416.15796pt x 73.47505pt.
<17.png, id=26, 1165.35374pt x 398.48875pt>
File: 17.png Graphic file (type png)
<use 17.png>
Package pdftex.def Info: 17.png  used on input line 35.
(pdftex.def)             Requested size: 466.13324pt x 159.39267pt.

Overfull \hbox (19.66078pt too wide) in paragraph at lines 35--36
[][] 
 []

<18.png, id=27, 1184.425pt x 263.98625pt>
File: 18.png Graphic file (type png)
<use 18.png>
Package pdftex.def Info: 18.png  used on input line 36.
(pdftex.def)             Requested size: 473.76161pt x 105.59262pt.

Overfull \hbox (27.28915pt too wide) in paragraph at lines 36--37
[][] 
 []

<19.png, id=28, 1175.39125pt x 200.75pt>
File: 19.png Graphic file (type png)
<use 19.png>
Package pdftex.def Info: 19.png  used on input line 37.
(pdftex.def)             Requested size: 470.14818pt x 80.29857pt.

Overfull \hbox (23.67572pt too wide) in paragraph at lines 37--38
[][] 
 []

[2 <./13.png> <./14.png> <./15.png> <./16.png> <./17.png> <./18.png>]
<20.png, id=38, 1169.36874pt x 285.065pt>
File: 20.png Graphic file (type png)
<use 20.png>
Package pdftex.def Info: 20.png  used on input line 38.
(pdftex.def)             Requested size: 467.73921pt x 114.02397pt.

Overfull \hbox (21.26675pt too wide) in paragraph at lines 38--39
[][] 
 []

<21.png, id=39, 1161.33875pt x 254.9525pt>
File: 21.png Graphic file (type png)
<use 21.png>
Package pdftex.def Info: 21.png  used on input line 39.
(pdftex.def)             Requested size: 464.52727pt x 101.97919pt.

Overfull \hbox (18.05481pt too wide) in paragraph at lines 39--40
[][] 
 []

<22.png, id=40, 1167.36125pt x 254.9525pt>
File: 22.png Graphic file (type png)
<use 22.png>
Package pdftex.def Info: 22.png  used on input line 40.
(pdftex.def)             Requested size: 466.93623pt x 101.97919pt.

Overfull \hbox (20.46378pt too wide) in paragraph at lines 40--41
[][] 
 []

<23.png, id=41, 1172.38pt x 208.78pt>
File: 23.png Graphic file (type png)
<use 23.png>
Package pdftex.def Info: 23.png  used on input line 41.
(pdftex.def)             Requested size: 468.9437pt x 83.5105pt.

Overfull \hbox (22.47124pt too wide) in paragraph at lines 41--42
[][] 
 []

<24.png, id=42, 1185.42876pt x 443.6575pt>
File: 24.png Graphic file (type png)
<use 24.png>
Package pdftex.def Info: 24.png  used on input line 42.
(pdftex.def)             Requested size: 474.1631pt x 177.45984pt.

Overfull \hbox (27.69064pt too wide) in paragraph at lines 42--43
[][] 
 []

[3 <./19.png> <./20.png> <./21.png> <./22.png> <./23.png>]
<25.png, id=51, 1168.365pt x 336.25626pt>
File: 25.png Graphic file (type png)
<use 25.png>
Package pdftex.def Info: 25.png  used on input line 43.
(pdftex.def)             Requested size: 467.33772pt x 134.5001pt.

Overfull \hbox (20.86526pt too wide) in paragraph at lines 43--44
[][] 
 []

<26.png, id=52, 1176.395pt x 639.38875pt>
File: 26.png Graphic file (type png)
<use 26.png>
Package pdftex.def Info: 26.png  used on input line 44.
(pdftex.def)             Requested size: 470.54967pt x 255.75096pt.

Overfull \hbox (24.07721pt too wide) in paragraph at lines 44--45
[][] 
 []

<27.png, id=53, 1178.4025pt x 584.1825pt>
File: 27.png Graphic file (type png)
<use 27.png>
Package pdftex.def Info: 27.png  used on input line 45.
(pdftex.def)             Requested size: 471.35265pt x 233.66885pt.

Overfull \hbox (24.88019pt too wide) in paragraph at lines 45--46
[][] 
 []

[4 <./24.png> <./25.png> <./26.png>]
<28.png, id=60, 1164.35pt x 422.57875pt>
File: 28.png Graphic file (type png)
<use 28.png>
Package pdftex.def Info: 28.png  used on input line 46.
(pdftex.def)             Requested size: 465.73175pt x 169.0285pt.

Overfull \hbox (19.2593pt too wide) in paragraph at lines 46--47
[][] 
 []

<29.png, id=61, 1180.41pt x 204.765pt>
File: 29.png Graphic file (type png)
<use 29.png>
Package pdftex.def Info: 29.png  used on input line 47.
(pdftex.def)             Requested size: 472.15564pt x 81.90454pt.

Overfull \hbox (25.68318pt too wide) in paragraph at lines 47--48
[][] 
 []

<30.png, id=62, 1193.45876pt x 268.00125pt>
File: 30.png Graphic file (type png)
<use 30.png>
Package pdftex.def Info: 30.png  used on input line 48.
(pdftex.def)             Requested size: 477.37505pt x 107.1986pt.

Overfull \hbox (30.90259pt too wide) in paragraph at lines 48--49
[][] 
 []

<31.png, id=63, 1202.4925pt x 220.825pt>
File: 31.png Graphic file (type png)
<use 31.png>
Package pdftex.def Info: 31.png  used on input line 49.
(pdftex.def)             Requested size: 480.98848pt x 88.32843pt.

Overfull \hbox (34.51602pt too wide) in paragraph at lines 49--50
[][] 
 []

[5 <./27.png> <./28.png> <./29.png> <./30.png>]
<32.png, id=71, 1162.3425pt x 929.4725pt>
File: 32.png Graphic file (type png)
<use 32.png>
Package pdftex.def Info: 32.png  used on input line 50.
(pdftex.def)             Requested size: 464.92877pt x 371.78242pt.

Overfull \hbox (18.45631pt too wide) in paragraph at lines 50--51
[][] 
 []

<33.png, id=72, 1187.43625pt x 215.80624pt>
File: 33.png Graphic file (type png)
<use 33.png>
Package pdftex.def Info: 33.png  used on input line 51.
(pdftex.def)             Requested size: 474.9661pt x 86.32095pt.

Overfull \hbox (28.49364pt too wide) in paragraph at lines 51--52
[][] 
 []

<34.png, id=73, 1193.45876pt x 199.74625pt>
File: 34.png Graphic file (type png)
<use 34.png>
Package pdftex.def Info: 34.png  used on input line 52.
(pdftex.def)             Requested size: 477.37505pt x 79.89708pt.

Overfull \hbox (30.90259pt too wide) in paragraph at lines 52--53
[][] 
 []

<35.png, id=74, 1174.3875pt x 168.63pt>
File: 35.png Graphic file (type png)
<use 35.png>
Package pdftex.def Info: 35.png  used on input line 53.
(pdftex.def)             Requested size: 469.74669pt x 67.45079pt.

Overfull \hbox (23.27423pt too wide) in paragraph at lines 53--54
[][] 
 []

[6 <./31.png> <./32.png> <./33.png> <./34.png>]
<36.png, id=82, 1168.365pt x 192.72pt>
File: 36.png Graphic file (type png)
<use 36.png>
Package pdftex.def Info: 36.png  used on input line 54.
(pdftex.def)             Requested size: 467.33772pt x 77.08662pt.

Overfull \hbox (20.86526pt too wide) in paragraph at lines 54--55
[][] 
 []

<37.png, id=83, 1174.3875pt x 526.96875pt>
File: 37.png Graphic file (type png)
<use 37.png>
Package pdftex.def Info: 37.png  used on input line 55.
(pdftex.def)             Requested size: 469.74669pt x 210.78375pt.

Overfull \hbox (23.27423pt too wide) in paragraph at lines 55--56
[][] 
 []

<38.png, id=84, 1165.35374pt x 521.95pt>
File: 38.png Graphic file (type png)
<use 38.png>
Package pdftex.def Info: 38.png  used on input line 56.
(pdftex.def)             Requested size: 466.13324pt x 208.77629pt.

Overfull \hbox (19.66078pt too wide) in paragraph at lines 56--57
[][] 
 []

<39.png, id=85, 1185.42876pt x 157.58875pt>
File: 39.png Graphic file (type png)
<use 39.png>
Package pdftex.def Info: 39.png  used on input line 57.
(pdftex.def)             Requested size: 474.1631pt x 63.03436pt.

Overfull \hbox (27.69064pt too wide) in paragraph at lines 57--58
[][] 
 []

[7 <./35.png> <./36.png> <./37.png> <./38.png> <./39.png>] (./collection.aux) )
 
Here is how much of TeX's memory you used:
 2491 strings out of 483183
 31371 string characters out of 5966292
 256796 words of memory out of 5000000
 17475 multiletter control sequences out of 15000+600000
 538222 words of font info for 46 fonts, out of 8000000 for 9000
 14 hyphenation exceptions out of 8191
 30i,6n,31p,243b,199s stack positions out of 5000i,500n,10000p,200000b,80000s
 </home/shubh/.texlive2019/texmf-var/fonts/pk/ljfour/jknappen/ec/tcrm1000.600pk
></usr/share/texlive/texmf-dist/fonts/type1/public/amsfonts/cm/cmbx12.pfb></usr
/share/texlive/texmf-dist/fonts/type1/public/amsfonts/cm/cmr10.pfb></usr/share/
texlive/texmf-dist/fonts/type1/public/amsfonts/cm/cmr12.pfb></usr/share/texlive
/texmf-dist/fonts/type1/public/amsfonts/cm/cmr17.pfb>
Output written on collection.pdf (7 pages, 1029804 bytes).
PDF statistics:
 114 PDF objects out of 1000 (max. 8388607)
 35 compressed objects within 1 object stream
 0 named destinations out of 1000 (max. 500000)
 161 words of extra memory for PDF output out of 10000 (max. 10000000)

